#
# A fatal error has been detected by the Java Runtime Environment:
#
#  EXCEPTION_ACCESS_VIOLATION (0xc0000005) at pc=0x00007ff90e34366c, pid=24612, tid=28860
#
# JRE version: OpenJDK Runtime Environment Temurin-17.0.4.1+1 (17.0.4.1+1) (build 17.0.4.1+1)
# Java VM: OpenJDK 64-Bit Server VM Temurin-17.0.4.1+1 (17.0.4.1+1, mixed mode, sharing, tiered, compressed oops, compressed class ptrs, g1 gc, windows-amd64)
# Problematic frame:
# C  [igxelpicd64.dll+0x13366c]
#
# No core dump will be written. Minidumps are not enabled by default on client versions of Windows
#
# If you would like to submit a bug report, please visit:
#   https://github.com/adoptium/adoptium-support/issues
# The crash happened outside the Java Virtual Machine in native code.
# See problematic frame for where to report the bug.
#

---------------  S U M M A R Y ------------

Command Line: -agentlib:jdwp=transport=dt_socket,server=n,suspend=y,address=localhost:53897 -XX:+ShowCodeDetailsInExceptionMessages group24.piazzapanic.DesktopLauncher

Host: 12th Gen Intel(R) Core(TM) i7-12700H, 20 cores, 31G,  Windows 11 , 64 bit Build 22000 (10.0.22000.1219)
Time: Mon Dec 12 16:07:35 2022 GMT Standard Time elapsed time: 105.331604 seconds (0d 0h 1m 45s)

---------------  T H R E A D  ---------------

Current thread (0x000001d1537733b0):  JavaThread "JDWP Transport Listener: dt_socket" daemon [_thread_in_native, id=28860, stack(0x00000012aea00000,0x00000012aeb00000)]

Stack: [0x00000012aea00000,0x00000012aeb00000],  sp=0x00000012aeafea50,  free space=1018k
Native frames: (J=compiled Java code, j=interpreted, Vv=VM code, C=native code)
C  [igxelpicd64.dll+0x13366c]


siginfo: EXCEPTION_ACCESS_VIOLATION (0xc0000005), reading address 0x00000000000356f8


Register to memory mapping:

RIP=0x00007ff90e34366c igxelpicd64.dll
RAX=0x000001d1564efe48 points into unknown readable memory: 0x00000000000000e8 | e8 00 00 00 00 00 00 00
RBX=0x000001d1564efd40 points into unknown readable memory: 0x000001d15606fe70 | 70 fe 06 56 d1 01 00 00
RCX=0x0 is NULL
RDX=0x0 is NULL
RSP=0x00000012aeafea50 is pointing into the stack for thread: 0x000001d1537733b0
RBP=0x0 is NULL
RSI=0x000001d1564f0310 points into unknown readable memory: 0x000001d1564f3850 | 50 38 4f 56 d1 01 00 00
RDI=0x000001d155feca60 points into unknown readable memory: 0x000001d156058200 | 00 82 05 56 d1 01 00 00
R8 =0x0000000000000014 is an unknown value
R9 =0x0 is NULL
R10=0x0 is NULL
R11=0x0 is NULL
R12=0x0 is NULL
R13=0x000001d1564f3850 points into unknown readable memory: 0x000001d15606fe70 | 70 fe 06 56 d1 01 00 00
R14=0x0 is NULL
R15=0x0000000000000016 is an unknown value


Registers:
RAX=0x000001d1564efe48, RBX=0x000001d1564efd40, RCX=0x0000000000000000, RDX=0x0000000000000000
RSP=0x00000012aeafea50, RBP=0x0000000000000000, RSI=0x000001d1564f0310, RDI=0x000001d155feca60
R8 =0x0000000000000014, R9 =0x0000000000000000, R10=0x0000000000000000, R11=0x0000000000000000
R12=0x0000000000000000, R13=0x000001d1564f3850, R14=0x0000000000000000, R15=0x0000000000000016
RIP=0x00007ff90e34366c, EFLAGS=0x0000000000010206

Top of Stack: (sp=0x00000012aeafea50)
0x00000012aeafea50:   000001d155ff9710 0000000000000000
0x00000012aeafea60:   e49f0230829f0275 00007ff9d8207ad4
0x00000012aeafea70:   9ca1024e4aa10061 05a2012a9da10235
0x00000012aeafea80:   31a2011e2ea20006 84a301e444a3023b
0x00000012aeafea90:   000001d1560b0cf8 00000000000000e9
0x00000012aeafeaa0:   0000000000000000 0000000000000014
0x00000012aeafeab0:   0000000000000000 0000000000000000
0x00000012aeafeac0:   00000012aeafebd0 00007ff90e4bbc3c
0x00000012aeafead0:   000001d155ff9710 000001d155feca60
0x00000012aeafeae0:   ada9026daca90100 faaa01832eaa0100
0x00000012aeafeaf0:   0000001200003678 00007404195e0000
0x00000012aeafeb00:   0000000000000000 73ad00f84fad01b8
0x00000012aeafeb10:   8aad02597bad00bf 13ae0254e6ad01e4
0x00000012aeafeb20:   aeae01a841ae01e8 bcb1016508af01d4
0x00000012aeafeb30:   aab201caf6b1015b 00007ff90e4b19a0
0x00000012aeafeb40:   c8b4012dbfb300fb 3ab601671bb501c5 

Instructions: (pc=0x00007ff90e34366c)
0x00007ff90e34356c:   ec 40 45 8a e1 48 8b fa 48 8b e9 48 8b 1d 42 08
0x00007ff90e34357c:   e0 00 48 89 58 08 48 8b cb ff 15 85 5b 9a 00 90
0x00007ff90e34358c:   4c 8b af 78 02 00 00 48 8b 05 c6 e4 cf 00 44 8b
0x00007ff90e34359c:   b8 40 0b 00 00 45 33 db 45 8a f3 4c 89 9f 78 02
0x00007ff90e3435ac:   00 00 44 89 9f 80 02 00 00 4c 89 9f 98 02 00 00
0x00007ff90e3435bc:   4c 89 9f 88 02 00 00 48 85 ed 75 38 8b 35 4a e2
0x00007ff90e3435cc:   df 00 65 48 8b 04 25 58 00 00 00 b9 14 00 00 00
0x00007ff90e3435dc:   48 8b 04 f0 44 38 1c 01 0f 84 8d da 86 00 65 48
0x00007ff90e3435ec:   8b 04 25 58 00 00 00 bd 20 00 00 00 48 8b 04 f0
0x00007ff90e3435fc:   48 8b 2c 28 48 3b 2d 39 07 e0 00 45 0f 44 fb 4d
0x00007ff90e34360c:   85 ed 0f 84 21 01 00 00 44 8a a4 24 90 00 00 00
0x00007ff90e34361c:   49 8b dd 49 8d b5 d0 05 00 00 4c 8b 2e 45 84 e4
0x00007ff90e34362c:   0f 85 2a 03 00 00 8b 97 c8 01 00 00 48 8b 05 21
0x00007ff90e34363c:   e4 cf 00 83 b8 78 03 00 00 02 75 31 83 fa 10 0f
0x00007ff90e34364c:   83 20 01 00 00 48 8d 04 d5 21 00 00 00 48 03 c2
0x00007ff90e34365c:   48 8d 04 c3 48 85 c0 0f 85 ff 00 00 00 49 8b cb
0x00007ff90e34366c:   48 3b 8d f8 56 03 00 0f 87 f3 02 00 00 4c 39 9b
0x00007ff90e34367c:   48 06 00 00 0f 85 31 da 86 00 44 8b 97 c8 01 00
0x00007ff90e34368c:   00 48 8b 87 e0 01 00 00 4c 8b 08 8b 97 c8 01 00
0x00007ff90e34369c:   00 83 fa 10 0f 83 03 01 00 00 48 8d 04 d5 21 00
0x00007ff90e3436ac:   00 00 48 03 c2 48 8d 04 c3 48 85 c0 0f 85 e2 00
0x00007ff90e3436bc:   00 00 49 8b cb 49 3b c9 0f 86 0e 01 00 00 48 8b
0x00007ff90e3436cc:   87 78 02 00 00 48 89 06 48 89 9f 78 02 00 00 ff
0x00007ff90e3436dc:   87 80 02 00 00 48 8b 43 08 48 8b 88 18 01 00 00
0x00007ff90e3436ec:   48 81 e1 00 00 ff ff 48 81 c1 00 00 01 00 48 01
0x00007ff90e3436fc:   8f 88 02 00 00 48 8b 43 08 48 8b 88 18 01 00 00
0x00007ff90e34370c:   48 01 8f 98 02 00 00 4d 85 ed 0f 85 00 ff ff ff
0x00007ff90e34371c:   45 84 f6 44 8a a4 24 98 00 00 00 0f 85 82 03 00
0x00007ff90e34372c:   00 48 8b 9c 24 80 00 00 00 48 8b cf 45 84 e4 0f
0x00007ff90e34373c:   85 8a 03 00 00 e8 fa f9 ff ff 90 48 8b cb 48 8b
0x00007ff90e34374c:   9c 24 88 00 00 00 48 83 c4 40 41 5f 41 5e 41 5d
0x00007ff90e34375c:   41 5c 5f 5e 5d 48 ff 25 b0 59 9a 00 48 8b 48 08 


Stack slot to memory mapping:
stack at sp + 0 slots: 0x000001d155ff9710 points into unknown readable memory: 0xffffffffffffffff | ff ff ff ff ff ff ff ff
stack at sp + 1 slots: 0x0 is NULL
stack at sp + 2 slots: 0xe49f0230829f0275 is an unknown value
stack at sp + 3 slots: 0x00007ff9d8207ad4 ntdll.dll
stack at sp + 4 slots: 0x9ca1024e4aa10061 is an unknown value
stack at sp + 5 slots: 0x05a2012a9da10235 is an unknown value
stack at sp + 6 slots: 0x31a2011e2ea20006 is an unknown value
stack at sp + 7 slots: 0x84a301e444a3023b is an unknown value


---------------  P R O C E S S  ---------------

Threads class SMR info:
_java_thread_list=0x000001d15663df70, length=14, elements={
0x000001d125f4f790, 0x000001d1504eac00, 0x000001d1504eddd0, 0x000001d153592190,
0x000001d153594b50, 0x000001d153595500, 0x000001d1535966d0, 0x000001d1535993c0,
0x000001d15359b0e0, 0x000001d1535b1490, 0x000001d1537733b0, 0x000001d153778080,
0x000001d15377f880, 0x000001d15378b450
}

Java Threads: ( => current thread )
  0x000001d125f4f790 JavaThread "main" [_thread_blocked, id=8616, stack(0x00000012ad800000,0x00000012ad900000)]
  0x000001d1504eac00 JavaThread "Reference Handler" daemon [_thread_blocked, id=28696, stack(0x00000012adf00000,0x00000012ae000000)]
  0x000001d1504eddd0 JavaThread "Finalizer" daemon [_thread_blocked, id=29908, stack(0x00000012ae000000,0x00000012ae100000)]
  0x000001d153592190 JavaThread "Signal Dispatcher" daemon [_thread_blocked, id=19152, stack(0x00000012ae100000,0x00000012ae200000)]
  0x000001d153594b50 JavaThread "Attach Listener" daemon [_thread_blocked, id=9568, stack(0x00000012ae200000,0x00000012ae300000)]
  0x000001d153595500 JavaThread "Service Thread" daemon [_thread_blocked, id=8204, stack(0x00000012ae300000,0x00000012ae400000)]
  0x000001d1535966d0 JavaThread "Monitor Deflation Thread" daemon [_thread_blocked, id=21056, stack(0x00000012ae400000,0x00000012ae500000)]
  0x000001d1535993c0 JavaThread "C2 CompilerThread0" daemon [_thread_blocked, id=17992, stack(0x00000012ae500000,0x00000012ae600000)]
  0x000001d15359b0e0 JavaThread "C1 CompilerThread0" daemon [_thread_blocked, id=31240, stack(0x00000012ae600000,0x00000012ae700000)]
  0x000001d1535b1490 JavaThread "Sweeper thread" daemon [_thread_blocked, id=16624, stack(0x00000012ae700000,0x00000012ae800000)]
=>0x000001d1537733b0 JavaThread "JDWP Transport Listener: dt_socket" daemon [_thread_in_native, id=28860, stack(0x00000012aea00000,0x00000012aeb00000)]
  0x000001d153778080 JavaThread "JDWP Event Helper Thread" daemon [_thread_blocked, id=26548, stack(0x00000012aeb00000,0x00000012aec00000)]
  0x000001d15377f880 JavaThread "Notification Thread" daemon [_thread_blocked, id=27916, stack(0x00000012aed00000,0x00000012aee00000)]
  0x000001d15378b450 JavaThread "Common-Cleaner" daemon [_thread_blocked, id=26540, stack(0x00000012aef00000,0x00000012af000000)]

Other Threads:
  0x000001d1504f4be0 VMThread "VM Thread" [stack: 0x00000012ade00000,0x00000012adf00000] [id=32192]
  0x000001d15036d1e0 WatcherThread [stack: 0x00000012aee00000,0x00000012aef00000] [id=31228]
  0x000001d150304870 GCTaskThread "GC Thread#0" [stack: 0x00000012ad900000,0x00000012ada00000] [id=28404]
  0x000001d1564c6df0 GCTaskThread "GC Thread#1" [stack: 0x00000012af900000,0x00000012afa00000] [id=24824]
  0x000001d156bf4820 GCTaskThread "GC Thread#2" [stack: 0x00000012afa00000,0x00000012afb00000] [id=12556]
  0x000001d156bf4ad0 GCTaskThread "GC Thread#3" [stack: 0x00000012afb00000,0x00000012afc00000] [id=32252]
  0x000001d156978ff0 GCTaskThread "GC Thread#4" [stack: 0x00000012afc00000,0x00000012afd00000] [id=4796]
  0x000001d1569792a0 GCTaskThread "GC Thread#5" [stack: 0x00000012afd00000,0x00000012afe00000] [id=27452]
  0x000001d1566351d0 GCTaskThread "GC Thread#6" [stack: 0x00000012afe00000,0x00000012aff00000] [id=22352]
  0x000001d156634710 GCTaskThread "GC Thread#7" [stack: 0x00000012aff00000,0x00000012b0000000] [id=19572]
  0x000001d156635c90 GCTaskThread "GC Thread#8" [stack: 0x00000012b0000000,0x00000012b0100000] [id=30744]
  0x000001d1566349c0 GCTaskThread "GC Thread#9" [stack: 0x00000012b0100000,0x00000012b0200000] [id=1724]
  0x000001d156635480 GCTaskThread "GC Thread#10" [stack: 0x00000012b0200000,0x00000012b0300000] [id=30656]
  0x000001d156635730 GCTaskThread "GC Thread#11" [stack: 0x00000012b0300000,0x00000012b0400000] [id=24360]
  0x000001d150314e90 ConcurrentGCThread "G1 Main Marker" [stack: 0x00000012ada00000,0x00000012adb00000] [id=18744]
  0x000001d1503157a0 ConcurrentGCThread "G1 Conc#0" [stack: 0x00000012adb00000,0x00000012adc00000] [id=27056]
  0x000001d1504272b0 ConcurrentGCThread "G1 Refine#0" [stack: 0x00000012adc00000,0x00000012add00000] [id=29456]
  0x000001d150427a70 ConcurrentGCThread "G1 Service" [stack: 0x00000012add00000,0x00000012ade00000] [id=27016]

Threads with active compile tasks:

VM state: not at safepoint (normal execution)

VM Mutex/Monitor currently owned by a thread: None

Heap address: 0x0000000604c00000, size: 8116 MB, Compressed Oops mode: Zero based, Oop shift amount: 3

CDS archive(s) mapped at: [0x0000000800000000-0x0000000800bc0000-0x0000000800bc0000), size 12320768, SharedBaseAddress: 0x0000000800000000, ArchiveRelocationMode: 0.
Compressed class space mapped at: 0x0000000800c00000-0x0000000840c00000, reserved size: 1073741824
Narrow klass base: 0x0000000800000000, Narrow klass shift: 0, Narrow klass range: 0x100000000

GC Precious Log:
 CPUs: 20 total, 20 available
 Memory: 32452M
 Large Page Support: Disabled
 NUMA Support: Disabled
 Compressed Oops: Enabled (Zero based)
 Heap Region Size: 4M
 Heap Min Capacity: 8M
 Heap Initial Capacity: 508M
 Heap Max Capacity: 8116M
 Pre-touch: Disabled
 Parallel Workers: 15
 Concurrent Workers: 4
 Concurrent Refinement Workers: 15
 Periodic GC: Disabled

Heap:
 garbage-first heap   total 520192K, used 3105K [0x0000000604c00000, 0x0000000800000000)
  region size 4096K, 2 young (8192K), 1 survivors (4096K)
 Metaspace       used 6916K, committed 7040K, reserved 1064960K
  class space    used 539K, committed 576K, reserved 1048576K

Heap Regions: E=young(eden), S=young(survivor), O=old, HS=humongous(starts), HC=humongous(continues), CS=collection set, F=free, OA=open archive, CA=closed archive, TAMS=top-at-mark-start (previous, next)
|   0|0x0000000604c00000, 0x0000000604c00000, 0x0000000605000000|  0%| F|  |TAMS 0x0000000604c00000, 0x0000000604c00000| Untracked 
|   1|0x0000000605000000, 0x0000000605000000, 0x0000000605400000|  0%| F|  |TAMS 0x0000000605000000, 0x0000000605000000| Untracked 
|   2|0x0000000605400000, 0x0000000605400000, 0x0000000605800000|  0%| F|  |TAMS 0x0000000605400000, 0x0000000605400000| Untracked 
|   3|0x0000000605800000, 0x0000000605800000, 0x0000000605c00000|  0%| F|  |TAMS 0x0000000605800000, 0x0000000605800000| Untracked 
|   4|0x0000000605c00000, 0x0000000605c00000, 0x0000000606000000|  0%| F|  |TAMS 0x0000000605c00000, 0x0000000605c00000| Untracked 
|   5|0x0000000606000000, 0x0000000606000000, 0x0000000606400000|  0%| F|  |TAMS 0x0000000606000000, 0x0000000606000000| Untracked 
|   6|0x0000000606400000, 0x0000000606400000, 0x0000000606800000|  0%| F|  |TAMS 0x0000000606400000, 0x0000000606400000| Untracked 
|   7|0x0000000606800000, 0x0000000606800000, 0x0000000606c00000|  0%| F|  |TAMS 0x0000000606800000, 0x0000000606800000| Untracked 
|   8|0x0000000606c00000, 0x0000000606c00000, 0x0000000607000000|  0%| F|  |TAMS 0x0000000606c00000, 0x0000000606c00000| Untracked 
|   9|0x0000000607000000, 0x0000000607000000, 0x0000000607400000|  0%| F|  |TAMS 0x0000000607000000, 0x0000000607000000| Untracked 
|  10|0x0000000607400000, 0x0000000607400000, 0x0000000607800000|  0%| F|  |TAMS 0x0000000607400000, 0x0000000607400000| Untracked 
|  11|0x0000000607800000, 0x0000000607800000, 0x0000000607c00000|  0%| F|  |TAMS 0x0000000607800000, 0x0000000607800000| Untracked 
|  12|0x0000000607c00000, 0x0000000607c00000, 0x0000000608000000|  0%| F|  |TAMS 0x0000000607c00000, 0x0000000607c00000| Untracked 
|  13|0x0000000608000000, 0x0000000608000000, 0x0000000608400000|  0%| F|  |TAMS 0x0000000608000000, 0x0000000608000000| Untracked 
|  14|0x0000000608400000, 0x0000000608400000, 0x0000000608800000|  0%| F|  |TAMS 0x0000000608400000, 0x0000000608400000| Untracked 
|  15|0x0000000608800000, 0x0000000608800000, 0x0000000608c00000|  0%| F|  |TAMS 0x0000000608800000, 0x0000000608800000| Untracked 
|  16|0x0000000608c00000, 0x0000000608c00000, 0x0000000609000000|  0%| F|  |TAMS 0x0000000608c00000, 0x0000000608c00000| Untracked 
|  17|0x0000000609000000, 0x0000000609000000, 0x0000000609400000|  0%| F|  |TAMS 0x0000000609000000, 0x0000000609000000| Untracked 
|  18|0x0000000609400000, 0x0000000609400000, 0x0000000609800000|  0%| F|  |TAMS 0x0000000609400000, 0x0000000609400000| Untracked 
|  19|0x0000000609800000, 0x0000000609800000, 0x0000000609c00000|  0%| F|  |TAMS 0x0000000609800000, 0x0000000609800000| Untracked 
|  20|0x0000000609c00000, 0x0000000609c00000, 0x000000060a000000|  0%| F|  |TAMS 0x0000000609c00000, 0x0000000609c00000| Untracked 
|  21|0x000000060a000000, 0x000000060a000000, 0x000000060a400000|  0%| F|  |TAMS 0x000000060a000000, 0x000000060a000000| Untracked 
|  22|0x000000060a400000, 0x000000060a400000, 0x000000060a800000|  0%| F|  |TAMS 0x000000060a400000, 0x000000060a400000| Untracked 
|  23|0x000000060a800000, 0x000000060a800000, 0x000000060ac00000|  0%| F|  |TAMS 0x000000060a800000, 0x000000060a800000| Untracked 
|  24|0x000000060ac00000, 0x000000060ac00000, 0x000000060b000000|  0%| F|  |TAMS 0x000000060ac00000, 0x000000060ac00000| Untracked 
|  25|0x000000060b000000, 0x000000060b000000, 0x000000060b400000|  0%| F|  |TAMS 0x000000060b000000, 0x000000060b000000| Untracked 
|  26|0x000000060b400000, 0x000000060b400000, 0x000000060b800000|  0%| F|  |TAMS 0x000000060b400000, 0x000000060b400000| Untracked 
|  27|0x000000060b800000, 0x000000060b800000, 0x000000060bc00000|  0%| F|  |TAMS 0x000000060b800000, 0x000000060b800000| Untracked 
|  28|0x000000060bc00000, 0x000000060bc00000, 0x000000060c000000|  0%| F|  |TAMS 0x000000060bc00000, 0x000000060bc00000| Untracked 
|  29|0x000000060c000000, 0x000000060c000000, 0x000000060c400000|  0%| F|  |TAMS 0x000000060c000000, 0x000000060c000000| Untracked 
|  30|0x000000060c400000, 0x000000060c400000, 0x000000060c800000|  0%| F|  |TAMS 0x000000060c400000, 0x000000060c400000| Untracked 
|  31|0x000000060c800000, 0x000000060c800000, 0x000000060cc00000|  0%| F|  |TAMS 0x000000060c800000, 0x000000060c800000| Untracked 
|  32|0x000000060cc00000, 0x000000060cc00000, 0x000000060d000000|  0%| F|  |TAMS 0x000000060cc00000, 0x000000060cc00000| Untracked 
|  33|0x000000060d000000, 0x000000060d000000, 0x000000060d400000|  0%| F|  |TAMS 0x000000060d000000, 0x000000060d000000| Untracked 
|  34|0x000000060d400000, 0x000000060d400000, 0x000000060d800000|  0%| F|  |TAMS 0x000000060d400000, 0x000000060d400000| Untracked 
|  35|0x000000060d800000, 0x000000060d800000, 0x000000060dc00000|  0%| F|  |TAMS 0x000000060d800000, 0x000000060d800000| Untracked 
|  36|0x000000060dc00000, 0x000000060dc00000, 0x000000060e000000|  0%| F|  |TAMS 0x000000060dc00000, 0x000000060dc00000| Untracked 
|  37|0x000000060e000000, 0x000000060e000000, 0x000000060e400000|  0%| F|  |TAMS 0x000000060e000000, 0x000000060e000000| Untracked 
|  38|0x000000060e400000, 0x000000060e400000, 0x000000060e800000|  0%| F|  |TAMS 0x000000060e400000, 0x000000060e400000| Untracked 
|  39|0x000000060e800000, 0x000000060e800000, 0x000000060ec00000|  0%| F|  |TAMS 0x000000060e800000, 0x000000060e800000| Untracked 
|  40|0x000000060ec00000, 0x000000060ec00000, 0x000000060f000000|  0%| F|  |TAMS 0x000000060ec00000, 0x000000060ec00000| Untracked 
|  41|0x000000060f000000, 0x000000060f000000, 0x000000060f400000|  0%| F|  |TAMS 0x000000060f000000, 0x000000060f000000| Untracked 
|  42|0x000000060f400000, 0x000000060f400000, 0x000000060f800000|  0%| F|  |TAMS 0x000000060f400000, 0x000000060f400000| Untracked 
|  43|0x000000060f800000, 0x000000060f800000, 0x000000060fc00000|  0%| F|  |TAMS 0x000000060f800000, 0x000000060f800000| Untracked 
|  44|0x000000060fc00000, 0x000000060fc00000, 0x0000000610000000|  0%| F|  |TAMS 0x000000060fc00000, 0x000000060fc00000| Untracked 
|  45|0x0000000610000000, 0x0000000610000000, 0x0000000610400000|  0%| F|  |TAMS 0x0000000610000000, 0x0000000610000000| Untracked 
|  46|0x0000000610400000, 0x0000000610400000, 0x0000000610800000|  0%| F|  |TAMS 0x0000000610400000, 0x0000000610400000| Untracked 
|  47|0x0000000610800000, 0x0000000610800000, 0x0000000610c00000|  0%| F|  |TAMS 0x0000000610800000, 0x0000000610800000| Untracked 
|  48|0x0000000610c00000, 0x0000000610c00000, 0x0000000611000000|  0%| F|  |TAMS 0x0000000610c00000, 0x0000000610c00000| Untracked 
|  49|0x0000000611000000, 0x0000000611000000, 0x0000000611400000|  0%| F|  |TAMS 0x0000000611000000, 0x0000000611000000| Untracked 
|  50|0x0000000611400000, 0x0000000611400000, 0x0000000611800000|  0%| F|  |TAMS 0x0000000611400000, 0x0000000611400000| Untracked 
|  51|0x0000000611800000, 0x0000000611800000, 0x0000000611c00000|  0%| F|  |TAMS 0x0000000611800000, 0x0000000611800000| Untracked 
|  52|0x0000000611c00000, 0x0000000611c00000, 0x0000000612000000|  0%| F|  |TAMS 0x0000000611c00000, 0x0000000611c00000| Untracked 
|  53|0x0000000612000000, 0x0000000612000000, 0x0000000612400000|  0%| F|  |TAMS 0x0000000612000000, 0x0000000612000000| Untracked 
|  54|0x0000000612400000, 0x0000000612400000, 0x0000000612800000|  0%| F|  |TAMS 0x0000000612400000, 0x0000000612400000| Untracked 
|  55|0x0000000612800000, 0x0000000612800000, 0x0000000612c00000|  0%| F|  |TAMS 0x0000000612800000, 0x0000000612800000| Untracked 
|  56|0x0000000612c00000, 0x0000000612c00000, 0x0000000613000000|  0%| F|  |TAMS 0x0000000612c00000, 0x0000000612c00000| Untracked 
|  57|0x0000000613000000, 0x0000000613000000, 0x0000000613400000|  0%| F|  |TAMS 0x0000000613000000, 0x0000000613000000| Untracked 
|  58|0x0000000613400000, 0x0000000613400000, 0x0000000613800000|  0%| F|  |TAMS 0x0000000613400000, 0x0000000613400000| Untracked 
|  59|0x0000000613800000, 0x0000000613800000, 0x0000000613c00000|  0%| F|  |TAMS 0x0000000613800000, 0x0000000613800000| Untracked 
|  60|0x0000000613c00000, 0x0000000613c00000, 0x0000000614000000|  0%| F|  |TAMS 0x0000000613c00000, 0x0000000613c00000| Untracked 
|  61|0x0000000614000000, 0x0000000614000000, 0x0000000614400000|  0%| F|  |TAMS 0x0000000614000000, 0x0000000614000000| Untracked 
|  62|0x0000000614400000, 0x0000000614400000, 0x0000000614800000|  0%| F|  |TAMS 0x0000000614400000, 0x0000000614400000| Untracked 
|  63|0x0000000614800000, 0x0000000614800000, 0x0000000614c00000|  0%| F|  |TAMS 0x0000000614800000, 0x0000000614800000| Untracked 
|  64|0x0000000614c00000, 0x0000000614c00000, 0x0000000615000000|  0%| F|  |TAMS 0x0000000614c00000, 0x0000000614c00000| Untracked 
|  65|0x0000000615000000, 0x0000000615000000, 0x0000000615400000|  0%| F|  |TAMS 0x0000000615000000, 0x0000000615000000| Untracked 
|  66|0x0000000615400000, 0x0000000615400000, 0x0000000615800000|  0%| F|  |TAMS 0x0000000615400000, 0x0000000615400000| Untracked 
|  67|0x0000000615800000, 0x0000000615800000, 0x0000000615c00000|  0%| F|  |TAMS 0x0000000615800000, 0x0000000615800000| Untracked 
|  68|0x0000000615c00000, 0x0000000615c00000, 0x0000000616000000|  0%| F|  |TAMS 0x0000000615c00000, 0x0000000615c00000| Untracked 
|  69|0x0000000616000000, 0x0000000616000000, 0x0000000616400000|  0%| F|  |TAMS 0x0000000616000000, 0x0000000616000000| Untracked 
|  70|0x0000000616400000, 0x0000000616400000, 0x0000000616800000|  0%| F|  |TAMS 0x0000000616400000, 0x0000000616400000| Untracked 
|  71|0x0000000616800000, 0x0000000616800000, 0x0000000616c00000|  0%| F|  |TAMS 0x0000000616800000, 0x0000000616800000| Untracked 
|  72|0x0000000616c00000, 0x0000000616c00000, 0x0000000617000000|  0%| F|  |TAMS 0x0000000616c00000, 0x0000000616c00000| Untracked 
|  73|0x0000000617000000, 0x0000000617000000, 0x0000000617400000|  0%| F|  |TAMS 0x0000000617000000, 0x0000000617000000| Untracked 
|  74|0x0000000617400000, 0x0000000617400000, 0x0000000617800000|  0%| F|  |TAMS 0x0000000617400000, 0x0000000617400000| Untracked 
|  75|0x0000000617800000, 0x0000000617800000, 0x0000000617c00000|  0%| F|  |TAMS 0x0000000617800000, 0x0000000617800000| Untracked 
|  76|0x0000000617c00000, 0x0000000617c00000, 0x0000000618000000|  0%| F|  |TAMS 0x0000000617c00000, 0x0000000617c00000| Untracked 
|  77|0x0000000618000000, 0x0000000618000000, 0x0000000618400000|  0%| F|  |TAMS 0x0000000618000000, 0x0000000618000000| Untracked 
|  78|0x0000000618400000, 0x0000000618400000, 0x0000000618800000|  0%| F|  |TAMS 0x0000000618400000, 0x0000000618400000| Untracked 
|  79|0x0000000618800000, 0x0000000618800000, 0x0000000618c00000|  0%| F|  |TAMS 0x0000000618800000, 0x0000000618800000| Untracked 
|  80|0x0000000618c00000, 0x0000000618c00000, 0x0000000619000000|  0%| F|  |TAMS 0x0000000618c00000, 0x0000000618c00000| Untracked 
|  81|0x0000000619000000, 0x0000000619000000, 0x0000000619400000|  0%| F|  |TAMS 0x0000000619000000, 0x0000000619000000| Untracked 
|  82|0x0000000619400000, 0x0000000619400000, 0x0000000619800000|  0%| F|  |TAMS 0x0000000619400000, 0x0000000619400000| Untracked 
|  83|0x0000000619800000, 0x0000000619800000, 0x0000000619c00000|  0%| F|  |TAMS 0x0000000619800000, 0x0000000619800000| Untracked 
|  84|0x0000000619c00000, 0x0000000619c00000, 0x000000061a000000|  0%| F|  |TAMS 0x0000000619c00000, 0x0000000619c00000| Untracked 
|  85|0x000000061a000000, 0x000000061a000000, 0x000000061a400000|  0%| F|  |TAMS 0x000000061a000000, 0x000000061a000000| Untracked 
|  86|0x000000061a400000, 0x000000061a400000, 0x000000061a800000|  0%| F|  |TAMS 0x000000061a400000, 0x000000061a400000| Untracked 
|  87|0x000000061a800000, 0x000000061a800000, 0x000000061ac00000|  0%| F|  |TAMS 0x000000061a800000, 0x000000061a800000| Untracked 
|  88|0x000000061ac00000, 0x000000061ac00000, 0x000000061b000000|  0%| F|  |TAMS 0x000000061ac00000, 0x000000061ac00000| Untracked 
|  89|0x000000061b000000, 0x000000061b000000, 0x000000061b400000|  0%| F|  |TAMS 0x000000061b000000, 0x000000061b000000| Untracked 
|  90|0x000000061b400000, 0x000000061b400000, 0x000000061b800000|  0%| F|  |TAMS 0x000000061b400000, 0x000000061b400000| Untracked 
|  91|0x000000061b800000, 0x000000061b800000, 0x000000061bc00000|  0%| F|  |TAMS 0x000000061b800000, 0x000000061b800000| Untracked 
|  92|0x000000061bc00000, 0x000000061bc00000, 0x000000061c000000|  0%| F|  |TAMS 0x000000061bc00000, 0x000000061bc00000| Untracked 
|  93|0x000000061c000000, 0x000000061c000000, 0x000000061c400000|  0%| F|  |TAMS 0x000000061c000000, 0x000000061c000000| Untracked 
|  94|0x000000061c400000, 0x000000061c400000, 0x000000061c800000|  0%| F|  |TAMS 0x000000061c400000, 0x000000061c400000| Untracked 
|  95|0x000000061c800000, 0x000000061c800000, 0x000000061cc00000|  0%| F|  |TAMS 0x000000061c800000, 0x000000061c800000| Untracked 
|  96|0x000000061cc00000, 0x000000061cc00000, 0x000000061d000000|  0%| F|  |TAMS 0x000000061cc00000, 0x000000061cc00000| Untracked 
|  97|0x000000061d000000, 0x000000061d000000, 0x000000061d400000|  0%| F|  |TAMS 0x000000061d000000, 0x000000061d000000| Untracked 
|  98|0x000000061d400000, 0x000000061d400000, 0x000000061d800000|  0%| F|  |TAMS 0x000000061d400000, 0x000000061d400000| Untracked 
|  99|0x000000061d800000, 0x000000061d800000, 0x000000061dc00000|  0%| F|  |TAMS 0x000000061d800000, 0x000000061d800000| Untracked 
| 100|0x000000061dc00000, 0x000000061dc00000, 0x000000061e000000|  0%| F|  |TAMS 0x000000061dc00000, 0x000000061dc00000| Untracked 
| 101|0x000000061e000000, 0x000000061e000000, 0x000000061e400000|  0%| F|  |TAMS 0x000000061e000000, 0x000000061e000000| Untracked 
| 102|0x000000061e400000, 0x000000061e400000, 0x000000061e800000|  0%| F|  |TAMS 0x000000061e400000, 0x000000061e400000| Untracked 
| 103|0x000000061e800000, 0x000000061e800000, 0x000000061ec00000|  0%| F|  |TAMS 0x000000061e800000, 0x000000061e800000| Untracked 
| 104|0x000000061ec00000, 0x000000061ec00000, 0x000000061f000000|  0%| F|  |TAMS 0x000000061ec00000, 0x000000061ec00000| Untracked 
| 105|0x000000061f000000, 0x000000061f000000, 0x000000061f400000|  0%| F|  |TAMS 0x000000061f000000, 0x000000061f000000| Untracked 
| 106|0x000000061f400000, 0x000000061f400000, 0x000000061f800000|  0%| F|  |TAMS 0x000000061f400000, 0x000000061f400000| Untracked 
| 107|0x000000061f800000, 0x000000061f800000, 0x000000061fc00000|  0%| F|  |TAMS 0x000000061f800000, 0x000000061f800000| Untracked 
| 108|0x000000061fc00000, 0x000000061fc00000, 0x0000000620000000|  0%| F|  |TAMS 0x000000061fc00000, 0x000000061fc00000| Untracked 
| 109|0x0000000620000000, 0x0000000620000000, 0x0000000620400000|  0%| F|  |TAMS 0x0000000620000000, 0x0000000620000000| Untracked 
| 110|0x0000000620400000, 0x0000000620400000, 0x0000000620800000|  0%| F|  |TAMS 0x0000000620400000, 0x0000000620400000| Untracked 
| 111|0x0000000620800000, 0x0000000620800000, 0x0000000620c00000|  0%| F|  |TAMS 0x0000000620800000, 0x0000000620800000| Untracked 
| 112|0x0000000620c00000, 0x0000000620c00000, 0x0000000621000000|  0%| F|  |TAMS 0x0000000620c00000, 0x0000000620c00000| Untracked 
| 113|0x0000000621000000, 0x0000000621000000, 0x0000000621400000|  0%| F|  |TAMS 0x0000000621000000, 0x0000000621000000| Untracked 
| 114|0x0000000621400000, 0x0000000621400000, 0x0000000621800000|  0%| F|  |TAMS 0x0000000621400000, 0x0000000621400000| Untracked 
| 115|0x0000000621800000, 0x0000000621800000, 0x0000000621c00000|  0%| F|  |TAMS 0x0000000621800000, 0x0000000621800000| Untracked 
| 116|0x0000000621c00000, 0x0000000621c00000, 0x0000000622000000|  0%| F|  |TAMS 0x0000000621c00000, 0x0000000621c00000| Untracked 
| 117|0x0000000622000000, 0x0000000622000000, 0x0000000622400000|  0%| F|  |TAMS 0x0000000622000000, 0x0000000622000000| Untracked 
| 118|0x0000000622400000, 0x0000000622400000, 0x0000000622800000|  0%| F|  |TAMS 0x0000000622400000, 0x0000000622400000| Untracked 
| 119|0x0000000622800000, 0x0000000622800000, 0x0000000622c00000|  0%| F|  |TAMS 0x0000000622800000, 0x0000000622800000| Untracked 
| 120|0x0000000622c00000, 0x0000000622f08420, 0x0000000623000000| 75%| S|CS|TAMS 0x0000000622c00000, 0x0000000622c00000| Complete 
| 121|0x0000000623000000, 0x0000000623000000, 0x0000000623400000|  0%| F|  |TAMS 0x0000000623000000, 0x0000000623000000| Untracked 
| 122|0x0000000623400000, 0x0000000623400000, 0x0000000623800000|  0%| F|  |TAMS 0x0000000623400000, 0x0000000623400000| Untracked 
| 123|0x0000000623800000, 0x0000000623800000, 0x0000000623c00000|  0%| F|  |TAMS 0x0000000623800000, 0x0000000623800000| Untracked 
| 124|0x0000000623c00000, 0x0000000623c00000, 0x0000000624000000|  0%| F|  |TAMS 0x0000000623c00000, 0x0000000623c00000| Untracked 
| 125|0x0000000624000000, 0x0000000624000000, 0x0000000624400000|  0%| F|  |TAMS 0x0000000624000000, 0x0000000624000000| Untracked 
| 126|0x0000000624400000, 0x00000006245b85c0, 0x0000000624800000| 43%| E|  |TAMS 0x0000000624400000, 0x0000000624400000| Complete 

Card table byte_map: [0x000001d13e490000,0x000001d13f470000] _byte_map_base: 0x000001d13b46a000

Marking Bits (Prev, Next): (CMBitMap*) 0x000001d125ffd120, (CMBitMap*) 0x000001d125ffd160
 Prev Bits: [0x000001d140450000, 0x000001d148320000)
 Next Bits: [0x000001d148320000, 0x000001d1501f0000)

Polling page: 0x000001d123f20000

Metaspace:

Usage:
  Non-class:      6.23 MB used.
      Class:    539.46 KB used.
       Both:      6.75 MB used.

Virtual space:
  Non-class space:       16.00 MB reserved,       6.31 MB ( 39%) committed,  2 nodes.
      Class space:        1.00 GB reserved,     576.00 KB ( <1%) committed,  1 nodes.
             Both:        1.02 GB reserved,       6.88 MB ( <1%) committed. 

Chunk freelists:
   Non-Class:  3.38 MB
       Class:  3.31 MB
        Both:  6.69 MB

MaxMetaspaceSize: unlimited
CompressedClassSpaceSize: 1.00 GB
Initial GC threshold: 21.00 MB
Current GC threshold: 21.00 MB
CDS: on
MetaspaceReclaimPolicy: balanced
 - commit_granule_bytes: 65536.
 - commit_granule_words: 8192.
 - virtual_space_node_default_size: 1048576.
 - enlarge_chunks_in_place: 1.
 - new_chunks_are_fully_committed: 0.
 - uncommit_free_chunks: 1.
 - use_allocation_guard: 0.
 - handle_deallocations: 1.


Internal statistics:

num_allocs_failed_limit: 0.
num_arena_births: 66.
num_arena_deaths: 0.
num_vsnodes_births: 3.
num_vsnodes_deaths: 0.
num_space_committed: 108.
num_space_uncommitted: 0.
num_chunks_returned_to_freelist: 0.
num_chunks_taken_from_freelist: 262.
num_chunk_merges: 0.
num_chunk_splits: 196.
num_chunks_enlarged: 164.
num_purges: 0.
num_inconsistent_stats: 0.

CodeHeap 'non-profiled nmethods': size=119168Kb used=459Kb max_used=459Kb free=118708Kb
 bounds [0x000001d1355b0000, 0x000001d135820000, 0x000001d13ca10000]
CodeHeap 'profiled nmethods': size=119104Kb used=2167Kb max_used=2167Kb free=116936Kb
 bounds [0x000001d12e160000, 0x000001d12e3d0000, 0x000001d1355b0000]
CodeHeap 'non-nmethods': size=7488Kb used=1676Kb max_used=2773Kb free=5812Kb
 bounds [0x000001d12da10000, 0x000001d12dcd0000, 0x000001d12e160000]
 total_blobs=2157 nmethods=1120 adapters=950
 compilation: enabled
              stopped_count=0, restarted_count=0
 full_count=0

Compilation events (20 events):
Event: 7.633 Thread 0x000001d1536c3c70 nmethod 1099 0x000001d13561e090 code [0x000001d13561e200, 0x000001d13561e278]
Event: 7.633 Thread 0x000001d15359b0e0 1113       3       com.badlogic.gdx.utils.JsonValue::isString (16 bytes)
Event: 7.633 Thread 0x000001d15495e180 nmethod 1112 0x000001d12e375590 code [0x000001d12e375760, 0x000001d12e375a38]
Event: 7.633 Thread 0x000001d15359b0e0 nmethod 1113 0x000001d12e375b90 code [0x000001d12e375d20, 0x000001d12e375e98]
Event: 7.633 Thread 0x000001d15359b0e0 1114       3       java.lang.reflect.AccessibleObject::checkPermission (16 bytes)
Event: 7.633 Thread 0x000001d15495e180 1115       3       java.lang.reflect.AccessibleObject::checkCanSetAccessible (9 bytes)
Event: 7.633 Thread 0x000001d15359b0e0 nmethod 1114 0x000001d12e375f10 code [0x000001d12e3760e0, 0x000001d12e376488]
Event: 7.633 Thread 0x000001d15495e180 nmethod 1115 0x000001d12e376610 code [0x000001d12e3767a0, 0x000001d12e376908]
Event: 7.633 Thread 0x000001d15359b0e0 1116       3       java.lang.reflect.AccessibleObject::checkCanSetAccessible (368 bytes)
Event: 7.633 Thread 0x000001d15495e180 1117       3       java.lang.reflect.AccessibleObject::setAccessible0 (7 bytes)
Event: 7.633 Thread 0x000001d15495e180 nmethod 1117 0x000001d12e376990 code [0x000001d12e376b20, 0x000001d12e376c38]
Event: 7.633 Thread 0x000001d15495e180 1118       3       com.badlogic.gdx.graphics.g2d.TextureRegion::setRegion (129 bytes)
Event: 7.634 Thread 0x000001d154774070 nmethod 1066 0x000001d13561e390 code [0x000001d13561e580, 0x000001d13561f458]
Event: 7.634 Thread 0x000001d15495e180 nmethod 1118 0x000001d12e376d10 code [0x000001d12e376f40, 0x000001d12e377778]
Event: 7.634 Thread 0x000001d1536c3c70 1119       4       java.util.concurrent.ConcurrentHashMap::get (162 bytes)
Event: 7.635 Thread 0x000001d15359b0e0 nmethod 1116 0x000001d12e377a90 code [0x000001d12e378200, 0x000001d12e37bc08]
Event: 7.636 Thread 0x000001d1536c3c70 nmethod 1119 0x000001d13561fe90 code [0x000001d135620020, 0x000001d1356203d8]
Event: 7.638 Thread 0x000001d1535993c0 nmethod 1060 0x000001d135620690 code [0x000001d1356208a0, 0x000001d1356221d0]
Event: 7.642 Thread 0x000001d15359b0e0 1120       3       com.badlogic.gdx.graphics.g2d.TextureRegion::setRegion (71 bytes)
Event: 7.642 Thread 0x000001d15359b0e0 nmethod 1120 0x000001d12e37d090 code [0x000001d12e37d2a0, 0x000001d12e37da08]

GC Heap History (2 events):
Event: 7.625 GC heap before
{Heap before GC invocations=0 (full 0):
 garbage-first heap   total 520192K, used 24576K [0x0000000604c00000, 0x0000000800000000)
  region size 4096K, 6 young (24576K), 0 survivors (0K)
 Metaspace       used 6730K, committed 6848K, reserved 1064960K
  class space    used 516K, committed 576K, reserved 1048576K
}
Event: 7.626 GC heap after
{Heap after GC invocations=1 (full 0):
 garbage-first heap   total 520192K, used 3105K [0x0000000604c00000, 0x0000000800000000)
  region size 4096K, 1 young (4096K), 1 survivors (4096K)
 Metaspace       used 6730K, committed 6848K, reserved 1064960K
  class space    used 516K, committed 576K, reserved 1048576K
}

Deoptimization events (20 events):
Event: 1.151 Thread 0x000001d125f4f790 DEOPT PACKING pc=0x000001d12e1f9094 sp=0x00000012ad8fdf20
Event: 1.151 Thread 0x000001d125f4f790 DEOPT UNPACKING pc=0x000001d12da62b43 sp=0x00000012ad8fd490 mode 1
Event: 7.509 Thread 0x000001d125f4f790 DEOPT PACKING pc=0x000001d12e2fad7c sp=0x00000012ad8feb60
Event: 7.509 Thread 0x000001d125f4f790 DEOPT UNPACKING pc=0x000001d12da62b43 sp=0x00000012ad8fe0b8 mode 0
Event: 7.510 Thread 0x000001d125f4f790 DEOPT PACKING pc=0x000001d12e2fad7c sp=0x00000012ad8feb60
Event: 7.510 Thread 0x000001d125f4f790 DEOPT UNPACKING pc=0x000001d12da62b43 sp=0x00000012ad8fe0b8 mode 0
Event: 7.511 Thread 0x000001d125f4f790 DEOPT PACKING pc=0x000001d12e2fad7c sp=0x00000012ad8feb60
Event: 7.511 Thread 0x000001d125f4f790 DEOPT UNPACKING pc=0x000001d12da62b43 sp=0x00000012ad8fe0b8 mode 0
Event: 7.511 Thread 0x000001d125f4f790 DEOPT PACKING pc=0x000001d12e2fad7c sp=0x00000012ad8feb60
Event: 7.511 Thread 0x000001d125f4f790 DEOPT UNPACKING pc=0x000001d12da62b43 sp=0x00000012ad8fe0b8 mode 0
Event: 7.516 Thread 0x000001d125f4f790 DEOPT PACKING pc=0x000001d12e2fad7c sp=0x00000012ad8fe890
Event: 7.516 Thread 0x000001d125f4f790 DEOPT UNPACKING pc=0x000001d12da62b43 sp=0x00000012ad8fdde8 mode 0
Event: 7.529 Thread 0x000001d125f4f790 DEOPT PACKING pc=0x000001d12e25090c sp=0x00000012ad8fd5a0
Event: 7.529 Thread 0x000001d125f4f790 DEOPT UNPACKING pc=0x000001d12da62b43 sp=0x00000012ad8fca00 mode 1
Event: 7.529 Thread 0x000001d125f4f790 DEOPT PACKING pc=0x000001d12e1d05bc sp=0x00000012ad8fd630
Event: 7.529 Thread 0x000001d125f4f790 DEOPT UNPACKING pc=0x000001d12da62b43 sp=0x00000012ad8fcb10 mode 1
Event: 7.529 Thread 0x000001d125f4f790 DEOPT PACKING pc=0x000001d12e25090c sp=0x00000012ad8fd810
Event: 7.529 Thread 0x000001d125f4f790 DEOPT UNPACKING pc=0x000001d12da62b43 sp=0x00000012ad8fcc70 mode 1
Event: 7.529 Thread 0x000001d125f4f790 DEOPT PACKING pc=0x000001d12e1f9094 sp=0x00000012ad8fd8a0
Event: 7.529 Thread 0x000001d125f4f790 DEOPT UNPACKING pc=0x000001d12da62b43 sp=0x00000012ad8fce10 mode 1

Classes unloaded (0 events):
No events

Classes redefined (0 events):
No events

Internal exceptions (20 events):
Event: 0.314 Thread 0x000001d125f4f790 Exception <a 'sun/nio/fs/WindowsException'{0x0000000623cc2b90}> (0x0000000623cc2b90) 
thrown [s\src\hotspot\share\prims\jni.cpp, line 516]
Event: 0.323 Thread 0x000001d125f4f790 Exception <a 'java/lang/NoSuchMethodError'{0x0000000623d03e80}: 'int java.lang.invoke.DirectMethodHandle$Holder.invokeStaticInit(java.lang.Object, java.lang.Object, int, long)'> (0x0000000623d03e80) 
thrown [s\src\hotspot\share\interpreter\linkResolver.cpp, line 759]
Event: 0.323 Thread 0x000001d125f4f790 Exception <a 'java/lang/NoSuchMethodError'{0x0000000623d09748}: 'java.lang.Object java.lang.invoke.DirectMethodHandle$Holder.newInvokeSpecial(java.lang.Object, java.lang.Object, int)'> (0x0000000623d09748) 
thrown [s\src\hotspot\share\interpreter\linkResolver.cpp, line 759]
Event: 0.325 Thread 0x000001d125f4f790 Exception <a 'java/lang/NoSuchMethodError'{0x0000000623d1e548}: 'int java.lang.invoke.DirectMethodHandle$Holder.invokeStaticInit(java.lang.Object, java.lang.Object, long, long)'> (0x0000000623d1e548) 
thrown [s\src\hotspot\share\interpreter\linkResolver.cpp, line 759]
Event: 0.325 Thread 0x000001d125f4f790 Exception <a 'java/lang/NoSuchMethodError'{0x0000000623d24658}: 'java.lang.Object java.lang.invoke.DirectMethodHandle$Holder.newInvokeSpecial(java.lang.Object, java.lang.Object, long)'> (0x0000000623d24658) 
thrown [s\src\hotspot\share\interpreter\linkResolver.cpp, line 759]
Event: 0.325 Thread 0x000001d125f4f790 Exception <a 'java/lang/NoSuchMethodError'{0x0000000623d286a0}: 'java.lang.Object java.lang.invoke.Invokers$Holder.linkToTargetMethod(java.lang.Object, long, java.lang.Object)'> (0x0000000623d286a0) 
thrown [s\src\hotspot\share\interpreter\linkResolver.cpp, line 759]
Event: 0.326 Thread 0x000001d125f4f790 Exception <a 'java/lang/NoSuchMethodError'{0x0000000623d2fdb8}: 'int java.lang.invoke.DirectMethodHandle$Holder.invokeStaticInit(java.lang.Object, java.lang.Object, java.lang.Object, long)'> (0x0000000623d2fdb8) 
thrown [s\src\hotspot\share\interpreter\linkResolver.cpp, line 759]
Event: 0.341 Thread 0x000001d125f4f790 Exception <a 'sun/nio/fs/WindowsException'{0x0000000623de8888}> (0x0000000623de8888) 
thrown [s\src\hotspot\share\prims\jni.cpp, line 516]
Event: 0.341 Thread 0x000001d125f4f790 Exception <a 'sun/nio/fs/WindowsException'{0x0000000623de8c18}> (0x0000000623de8c18) 
thrown [s\src\hotspot\share\prims\jni.cpp, line 516]
Event: 0.359 Thread 0x000001d125f4f790 Exception <a 'sun/nio/fs/WindowsException'{0x0000000623eaa570}> (0x0000000623eaa570) 
thrown [s\src\hotspot\share\prims\jni.cpp, line 516]
Event: 0.359 Thread 0x000001d125f4f790 Exception <a 'sun/nio/fs/WindowsException'{0x0000000623eaa8d0}> (0x0000000623eaa8d0) 
thrown [s\src\hotspot\share\prims\jni.cpp, line 516]
Event: 0.389 Thread 0x000001d125f4f790 Exception <a 'sun/nio/fs/WindowsException'{0x0000000623f3e138}> (0x0000000623f3e138) 
thrown [s\src\hotspot\share\prims\jni.cpp, line 516]
Event: 0.389 Thread 0x000001d125f4f790 Exception <a 'sun/nio/fs/WindowsException'{0x0000000623f3e4b8}> (0x0000000623f3e4b8) 
thrown [s\src\hotspot\share\prims\jni.cpp, line 516]
Event: 1.039 Thread 0x000001d125f4f790 Exception <a 'java/lang/NoSuchMethodError'{0x0000000623f8a998}: 'java.lang.Object java.lang.invoke.DirectMethodHandle$Holder.newInvokeSpecial(java.lang.Object, long)'> (0x0000000623f8a998) 
thrown [s\src\hotspot\share\interpreter\linkResolver.cpp, line 759]
Event: 1.114 Thread 0x000001d125f4f790 Exception <a 'sun/nio/fs/WindowsException'{0x00000006238bacd0}> (0x00000006238bacd0) 
thrown [s\src\hotspot\share\prims\jni.cpp, line 516]
Event: 1.114 Thread 0x000001d125f4f790 Exception <a 'sun/nio/fs/WindowsException'{0x00000006238bb078}> (0x00000006238bb078) 
thrown [s\src\hotspot\share\prims\jni.cpp, line 516]
Event: 1.116 Thread 0x000001d125f4f790 Exception <a 'sun/nio/fs/WindowsException'{0x00000006238ca810}> (0x00000006238ca810) 
thrown [s\src\hotspot\share\prims\jni.cpp, line 516]
Event: 1.116 Thread 0x000001d125f4f790 Exception <a 'sun/nio/fs/WindowsException'{0x00000006238caaf0}> (0x00000006238caaf0) 
thrown [s\src\hotspot\share\prims\jni.cpp, line 516]
Event: 7.002 Thread 0x000001d125f4f790 Exception <a 'java/io/FileNotFoundException'{0x0000000623b449b0}> (0x0000000623b449b0) 
thrown [s\src\hotspot\share\prims\jni.cpp, line 516]
Event: 7.440 Thread 0x000001d125f4f790 Exception <a 'java/io/FileNotFoundException'{0x0000000623415230}> (0x0000000623415230) 
thrown [s\src\hotspot\share\prims\jni.cpp, line 516]

VM Operations (20 events):
Event: 86.476 Executing VM operation: get/set locals
Event: 86.476 Executing VM operation: get/set locals done
Event: 86.476 Executing VM operation: get/set locals
Event: 86.476 Executing VM operation: get/set locals done
Event: 86.476 Executing VM operation: get/set locals
Event: 86.476 Executing VM operation: get/set locals done
Event: 86.476 Executing VM operation: get/set locals
Event: 86.477 Executing VM operation: get/set locals done
Event: 86.477 Executing VM operation: get/set locals
Event: 86.477 Executing VM operation: get/set locals done
Event: 88.768 Executing VM operation: get/set locals
Event: 88.769 Executing VM operation: get/set locals done
Event: 88.769 Executing VM operation: ChangeSingleStep
Event: 88.770 Executing VM operation: ChangeSingleStep done
Event: 88.771 Executing VM operation: ChangeSingleStep
Event: 88.771 Executing VM operation: ChangeSingleStep done
Event: 88.925 Executing VM operation: get/set locals
Event: 88.925 Executing VM operation: get/set locals done
Event: 88.926 Executing VM operation: get/set locals
Event: 88.926 Executing VM operation: get/set locals done

Events (20 events):
Event: 7.572 loading class java/lang/ArrayIndexOutOfBoundsException
Event: 7.572 loading class java/lang/ArrayIndexOutOfBoundsException done
Event: 7.615 loading class java/security/AccessControlException
Event: 7.615 loading class java/security/AccessControlException done
Event: 7.616 loading class java/io/StringWriter
Event: 7.616 loading class java/io/StringWriter done
Event: 7.620 loading class jdk/internal/math/FloatingDecimal$ASCIIToBinaryBuffer
Event: 7.620 loading class jdk/internal/math/FloatingDecimal$ASCIIToBinaryBuffer done
Event: 7.621 loading class java/util/regex/Pattern$1
Event: 7.621 loading class java/util/regex/Pattern$1 done
Event: 7.630 loading class java/lang/reflect/ParameterizedType
Event: 7.630 loading class java/lang/reflect/ParameterizedType done
Event: 7.630 loading class java/lang/Deprecated
Event: 7.630 loading class java/lang/Deprecated done
Event: 7.631 loading class jdk/internal/reflect/UnsafeObjectFieldAccessorImpl
Event: 7.631 loading class jdk/internal/reflect/UnsafeObjectFieldAccessorImpl done
Event: 12.650 Thread 0x000001d154774070 Thread exited: 0x000001d154774070
Event: 12.650 Thread 0x000001d15495e180 Thread exited: 0x000001d15495e180
Event: 12.650 Thread 0x000001d1536c3c70 Thread exited: 0x000001d1536c3c70
Event: 105.312 Thread 0x000001d153778570 Thread exited: 0x000001d153778570


Dynamic libraries:
0x00007ff6d0420000 - 0x00007ff6d042e000 	C:\Program Files\Eclipse Adoptium\jdk-17.0.4.101-hotspot\bin\java.exe
0x00007ff9d8160000 - 0x00007ff9d8369000 	C:\Windows\SYSTEM32\ntdll.dll
0x00007ff9d73e0000 - 0x00007ff9d749e000 	C:\Windows\System32\KERNEL32.DLL
0x00007ff9d5a00000 - 0x00007ff9d5d7b000 	C:\Windows\System32\KERNELBASE.dll
0x0000000051c90000 - 0x0000000051fc0000 	C:\Program Files\Norton Security\NortonData\22.22.4.11\Definitions\IPSDefs\20221209.061\IPSEng64.dll
0x00007ff9d7db0000 - 0x00007ff9d7e5e000 	C:\Windows\System32\ADVAPI32.dll
0x00007ff9d6b60000 - 0x00007ff9d6c03000 	C:\Windows\System32\msvcrt.dll
0x00007ff9d7f20000 - 0x00007ff9d7fbe000 	C:\Windows\System32\sechost.dll
0x00007ff9d6360000 - 0x00007ff9d6480000 	C:\Windows\System32\RPCRT4.dll
0x00007ff9d7ee0000 - 0x00007ff9d7ee8000 	C:\Windows\System32\PSAPI.DLL
0x00007ff9d5e50000 - 0x00007ff9d5f61000 	C:\Windows\System32\ucrtbase.dll
0x00007ff9c29c0000 - 0x00007ff9c29d9000 	C:\Program Files\Eclipse Adoptium\jdk-17.0.4.101-hotspot\bin\VCRUNTIME140.dll
0x00007ff9bbf40000 - 0x00007ff9bbf58000 	C:\Program Files\Eclipse Adoptium\jdk-17.0.4.101-hotspot\bin\jli.dll
0x00007ff9d7090000 - 0x00007ff9d723d000 	C:\Windows\System32\USER32.dll
0x00007ff9d5d80000 - 0x00007ff9d5da6000 	C:\Windows\System32\win32u.dll
0x00007ff9d7ef0000 - 0x00007ff9d7f19000 	C:\Windows\System32\GDI32.dll
0x00007ff9d5770000 - 0x00007ff9d5888000 	C:\Windows\System32\gdi32full.dll
0x00007ff9b3ed0000 - 0x00007ff9b4175000 	C:\Windows\WinSxS\amd64_microsoft.windows.common-controls_6595b64144ccf1df_6.0.22000.120_none_9d947278b86cc467\COMCTL32.dll
0x00007ff9d5db0000 - 0x00007ff9d5e4d000 	C:\Windows\System32\msvcp_win.dll
0x00007ff9d64a0000 - 0x00007ff9d64d2000 	C:\Windows\System32\IMM32.DLL
0x00007ff9c2940000 - 0x00007ff9c294c000 	C:\Program Files\Eclipse Adoptium\jdk-17.0.4.101-hotspot\bin\vcruntime140_1.dll
0x00007ff92e990000 - 0x00007ff92ea21000 	C:\Program Files\Eclipse Adoptium\jdk-17.0.4.101-hotspot\bin\msvcp140.dll
0x00007ff91b880000 - 0x00007ff91c4c6000 	C:\Program Files\Eclipse Adoptium\jdk-17.0.4.101-hotspot\bin\server\jvm.dll
0x00007ff9cbd50000 - 0x00007ff9cbd83000 	C:\Windows\SYSTEM32\WINMM.dll
0x00007ff962280000 - 0x00007ff962289000 	C:\Windows\SYSTEM32\WSOCK32.dll
0x00007ff9cb510000 - 0x00007ff9cb51a000 	C:\Windows\SYSTEM32\VERSION.dll
0x00007ff9d7020000 - 0x00007ff9d708f000 	C:\Windows\System32\WS2_32.dll
0x00007ff9d47a0000 - 0x00007ff9d47b8000 	C:\Windows\SYSTEM32\kernel.appcore.dll
0x00007ff9bdb00000 - 0x00007ff9bdb0a000 	C:\Program Files\Eclipse Adoptium\jdk-17.0.4.101-hotspot\bin\jimage.dll
0x00007ff9d3020000 - 0x00007ff9d3241000 	C:\Windows\SYSTEM32\DBGHELP.DLL
0x00007ff9c0b30000 - 0x00007ff9c0b61000 	C:\Windows\SYSTEM32\dbgcore.DLL
0x00007ff9d56f0000 - 0x00007ff9d576f000 	C:\Windows\System32\bcryptPrimitives.dll
0x00007ff9bf230000 - 0x00007ff9bf26b000 	C:\Program Files\Eclipse Adoptium\jdk-17.0.4.101-hotspot\bin\jdwp.dll
0x00007ff9baca0000 - 0x00007ff9bacc5000 	C:\Program Files\Eclipse Adoptium\jdk-17.0.4.101-hotspot\bin\java.dll
0x00007ff96dc10000 - 0x00007ff96dce6000 	C:\Program Files\Eclipse Adoptium\jdk-17.0.4.101-hotspot\bin\jsvml.dll
0x00007ff9d7520000 - 0x00007ff9d7cd8000 	C:\Windows\System32\SHELL32.dll
0x00007ff9d36d0000 - 0x00007ff9d3f35000 	C:\Windows\SYSTEM32\windows.storage.dll
0x00007ff9d5fe0000 - 0x00007ff9d6358000 	C:\Windows\System32\combase.dll
0x00007ff9d3560000 - 0x00007ff9d36c6000 	C:\Windows\SYSTEM32\wintypes.dll
0x00007ff9d6e40000 - 0x00007ff9d6f2a000 	C:\Windows\System32\SHCORE.dll
0x00007ff9d74a0000 - 0x00007ff9d74fd000 	C:\Windows\System32\shlwapi.dll
0x00007ff9d5560000 - 0x00007ff9d5581000 	C:\Windows\SYSTEM32\profapi.dll
0x00007ff9d1e90000 - 0x00007ff9d1e9c000 	C:\Program Files\Eclipse Adoptium\jdk-17.0.4.101-hotspot\bin\dt_socket.dll
0x00007ff9d42d0000 - 0x00007ff9d42fd000 	C:\Windows\SYSTEM32\IPHLPAPI.DLL
0x00007ff9d4c40000 - 0x00007ff9d4ca7000 	C:\Windows\system32\mswsock.dll
0x00007ff9d4340000 - 0x00007ff9d4428000 	C:\Windows\SYSTEM32\DNSAPI.dll
0x00007ff9d7500000 - 0x00007ff9d7509000 	C:\Windows\System32\NSI.dll
0x00007ff9cb860000 - 0x00007ff9cb86a000 	C:\Windows\System32\rasadhlp.dll
0x00007ff9cb740000 - 0x00007ff9cb7c1000 	C:\Windows\System32\fwpuclnt.dll
0x00007ff9ada00000 - 0x00007ff9ada19000 	C:\Program Files\Eclipse Adoptium\jdk-17.0.4.101-hotspot\bin\net.dll
0x00007ff9cd230000 - 0x00007ff9cd344000 	C:\Windows\SYSTEM32\WINHTTP.dll
0x00007ff9a6c00000 - 0x00007ff9a6c15000 	C:\Program Files\Eclipse Adoptium\jdk-17.0.4.101-hotspot\bin\nio.dll
0x00007ff99f460000 - 0x00007ff99f478000 	C:\Program Files\Eclipse Adoptium\jdk-17.0.4.101-hotspot\bin\zip.dll
0x00000000776c0000 - 0x00000000776e9000 	C:\Users\amber\AppData\Local\Temp\libgdxamber\e787ab0a\gdx64.dll
0x00007ff9bce20000 - 0x00007ff9bce95000 	C:\Users\amber\AppData\Local\Temp\lwjglamber\3.3.1-build-7\lwjgl.dll
0x00007ff9164c0000 - 0x00007ff916719000 	C:\Users\amber\AppData\Local\Temp\lwjglamber\3.3.1-build-7\jemalloc.dll
0x00007ff98a430000 - 0x00007ff98a491000 	C:\Users\amber\AppData\Local\Temp\lwjglamber\3.3.1-build-7\glfw.dll
0x00007ff99bd50000 - 0x00007ff99bd95000 	C:\Windows\SYSTEM32\dinput8.dll
0x00007ff9d1270000 - 0x00007ff9d1281000 	C:\Windows\SYSTEM32\xinput1_4.dll
0x00007ff9d5320000 - 0x00007ff9d536c000 	C:\Windows\SYSTEM32\cfgmgr32.dll
0x00007ff9d5370000 - 0x00007ff9d539c000 	C:\Windows\SYSTEM32\DEVOBJ.dll
0x00007ff9b3be0000 - 0x00007ff9b3da9000 	C:\Windows\SYSTEM32\inputhost.dll
0x00007ff9d1cd0000 - 0x00007ff9d1e01000 	C:\Windows\SYSTEM32\CoreMessaging.dll
0x00007ff9d2c00000 - 0x00007ff9d2c2f000 	C:\Windows\SYSTEM32\dwmapi.dll
0x00007ff9d24e0000 - 0x00007ff9d258c000 	C:\Windows\system32\uxtheme.dll
0x00007ff9d4ea0000 - 0x00007ff9d4eac000 	C:\Windows\SYSTEM32\CRYPTBASE.DLL
0x00007ff9d6540000 - 0x00007ff9d665d000 	C:\Windows\System32\MSCTF.dll
0x00007ff91a030000 - 0x00007ff91a1c7000 	C:\Users\amber\AppData\Local\Temp\lwjglamber\3.3.1-build-7\OpenAL.dll
0x00007ff9d7240000 - 0x00007ff9d73da000 	C:\Windows\System32\ole32.dll
0x00007ff9d7ce0000 - 0x00007ff9d7d95000 	C:\Windows\System32\clbcatq.dll
0x00007ff9cab50000 - 0x00007ff9cabeb000 	C:\Windows\System32\MMDevApi.dll
0x00007ff9c6630000 - 0x00007ff9c6803000 	C:\Windows\SYSTEM32\AUDIOSES.DLL
0x00007ff9d2b00000 - 0x00007ff9d2b15000 	C:\Windows\SYSTEM32\resourcepolicyclient.dll
0x00007ff9d3fd0000 - 0x00007ff9d401d000 	C:\Windows\SYSTEM32\powrprof.dll
0x00007ff9d3f40000 - 0x00007ff9d3f53000 	C:\Windows\SYSTEM32\UMPDC.dll
0x00007ff915b50000 - 0x00007ff915c51000 	C:\Windows\SYSTEM32\opengl32.dll
0x00007ff9bd150000 - 0x00007ff9bd17d000 	C:\Windows\SYSTEM32\GLU32.dll
0x00007ff9d2a80000 - 0x00007ff9d2ab8000 	C:\Windows\SYSTEM32\dxcore.dll
0x00007ff9cde90000 - 0x00007ff9cded4000 	C:\Windows\SYSTEM32\directxdatabasehelper.dll
0x00007ff9d47c0000 - 0x00007ff9d47f4000 	C:\Windows\SYSTEM32\ntmarta.dll
0x00007ff9cc7b0000 - 0x00007ff9cc8e4000 	C:\Windows\System32\AppXDeploymentClient.dll
0x00007ff9cc350000 - 0x00007ff9cc540000 	C:\Windows\SYSTEM32\urlmon.dll
0x00007ff9cc320000 - 0x00007ff9cc348000 	C:\Windows\System32\srvcli.dll
0x00007ff9cbff0000 - 0x00007ff9cc2a3000 	C:\Windows\System32\iertutil.dll
0x00007ff9d42c0000 - 0x00007ff9d42cc000 	C:\Windows\System32\netutils.dll
0x00007ff90e210000 - 0x00007ff90f203000 	C:\Windows\System32\DriverStore\FileRepository\iigd_dch.inf_amd64_c076c143c0fabf30\igxelpicd64.dll
0x00007ff9d2940000 - 0x00007ff9d2a33000 	C:\Windows\system32\dxgi.dll
0x00007ff90d750000 - 0x00007ff90dba3000 	C:\Windows\System32\DriverStore\FileRepository\iigd_dch.inf_amd64_c076c143c0fabf30\igdml64.dll
0x00007ff9c1ba0000 - 0x00007ff9c1f67000 	C:\Windows\System32\DriverStore\FileRepository\iigd_dch.inf_amd64_c076c143c0fabf30\igdgmm64.dll
0x00007ff9b6210000 - 0x00007ff9b9821000 	C:\Windows\System32\DriverStore\FileRepository\iigd_dch.inf_amd64_c076c143c0fabf30\igc64.dll
0x00007ff989790000 - 0x00007ff9897ed000 	C:\Users\amber\AppData\Local\Temp\lwjglamber\3.3.1-build-7\lwjgl_opengl.dll
0x00007ff9b0050000 - 0x00007ff9b017d000 	C:\Windows\SYSTEM32\textinputframework.dll
0x00007ff9d8040000 - 0x00007ff9d8116000 	C:\Windows\System32\OLEAUT32.dll
0x00007ff9c8660000 - 0x00007ff9c89cd000 	C:\Windows\SYSTEM32\CoreUIComponents.dll
0x0000000076790000 - 0x0000000076842000 	C:\Users\amber\AppData\Local\Temp\libgdxamber\ac200fef\gdx-freetype64.dll

dbghelp: loaded successfully - version: 4.0.5 - missing functions: none
symbol engine: initialized successfully - sym options: 0x614 - pdb path: .;C:\Program Files\Eclipse Adoptium\jdk-17.0.4.101-hotspot\bin;C:\Windows\SYSTEM32;C:\Program Files\Norton Security\NortonData\22.22.4.11\Definitions\IPSDefs\20221209.061;C:\Windows\WinSxS\amd64_microsoft.windows.common-controls_6595b64144ccf1df_6.0.22000.120_none_9d947278b86cc467;C:\Program Files\Eclipse Adoptium\jdk-17.0.4.101-hotspot\bin\server;C:\Users\amber\AppData\Local\Temp\libgdxamber\e787ab0a;C:\Users\amber\AppData\Local\Temp\lwjglamber\3.3.1-build-7;C:\Windows\System32\DriverStore\FileRepository\iigd_dch.inf_amd64_c076c143c0fabf30;C:\Users\amber\AppData\Local\Temp\libgdxamber\ac200fef

VM Arguments:
jvm_args: -agentlib:jdwp=transport=dt_socket,server=n,suspend=y,address=localhost:53897 -XX:+ShowCodeDetailsInExceptionMessages 
java_command: group24.piazzapanic.DesktopLauncher
java_class_path (initial): C:\Users\amber\OneDrive\Desktop\ENG1\Piazza Panic\ENG1_Group24-1\libGDX\desktop\bin\main;\piazzapanic-core\bin\default;C:\Users\amber\OneDrive\Desktop\ENG1\Piazza Panic\ENG1_Group24-1\libGDX\core\bin\main;C:\Users\amber\.gradle\caches\modules-2\files-2.1\com.badlogicgames.gdx\gdx-backend-lwjgl3\1.11.0\58a96db4cd349be4292d547856aa1e1c5f065f4e\gdx-backend-lwjgl3-1.11.0.jar;C:\Users\amber\.gradle\caches\modules-2\files-2.1\com.badlogicgames.gdx\gdx-platform\1.11.0\697fb13eada6d3c6ca648c9788692b0159add126\gdx-platform-1.11.0-natives-desktop.jar;C:\Users\amber\.gradle\caches\modules-2\files-2.1\com.badlogicgames.gdx\gdx-freetype-platform\1.11.0\420e2c2c206843a0d51010be28a141a1eb946235\gdx-freetype-platform-1.11.0-natives-desktop.jar;C:\Users\amber\.gradle\caches\modules-2\files-2.1\com.badlogicgames.gdx\gdx-freetype\1.11.0\a3634ad2e6c56d251268d6ab5c0f66eee2841f2c\gdx-freetype-1.11.0.jar;C:\Users\amber\.gradle\caches\modules-2\files-2.1\com.badlogicgames.gdx\gdx\1.11.0\ffe1206d1004cd9e40027e28964be0fea0399af7\gdx-1.11.0.jar;C:\Users\amber\.gradle\caches\modules-2\files-2.1\org.lwjgl\lwjgl-glfw\3.3.1\cbac1b8d30cb4795149c1ef540f912671a8616d0\lwjgl-glfw-3.3.1.jar;C:\Users\amber\.gradle\caches\modules-2\files-2.1\org.lwjgl\lwjgl-glfw\3.3.1\81716978214ecbda15050ca394b06ef61501a49e\lwjgl-glfw-3.3.1-natives-linux.jar;C:\Users\amber\.gradle\caches\modules-2\files-2.1\org.lwjgl\lwjgl-glfw\3.3.1\816d935933f2dd743074c4e717cc25b55720f294\lwjgl-glfw-3.3.1-natives-linux-arm32.jar;C:\Users\amber\.gradle\caches\modules-2\files-2.1\org.lwjgl\lwjgl-glfw\3.3.1\513eb39b866d0fe131a18d5c517087805433b029\lwjgl-glfw-3.3.1-natives-linux-arm64.jar;C:\Users\amber\.gradle\caches\modules-2\files-2.1\org.lwjgl\lwjgl-glfw\3.3.1\9ec4ce1fc8c85fdef03ef4ff2aace6f5775fb280\lwjgl-glfw-3.3.1-natives-macos.jar;C:\Users\amber\.gradle\caches\modules-2\files-2.1\org.lwjgl\lwjgl-glfw\3.3.1\cac0d3f712a3da7641fa174735a5f315de7ffe0a\lwjgl-glfw-3.3.1-natives-macos-arm64.jar;C:\Users\amber\
Launcher Type: SUN_STANDARD

[Global flags]
     intx CICompilerCount                          = 12                                        {product} {ergonomic}
     uint ConcGCThreads                            = 4                                         {product} {ergonomic}
     uint G1ConcRefinementThreads                  = 15                                        {product} {ergonomic}
   size_t G1HeapRegionSize                         = 4194304                                   {product} {ergonomic}
    uintx GCDrainStackTargetSize                   = 64                                        {product} {ergonomic}
   size_t InitialHeapSize                          = 532676608                                 {product} {ergonomic}
   size_t MarkStackSize                            = 4194304                                   {product} {ergonomic}
   size_t MaxHeapSize                              = 8510242816                                {product} {ergonomic}
   size_t MaxNewSize                               = 5104467968                                {product} {ergonomic}
   size_t MinHeapDeltaBytes                        = 4194304                                   {product} {ergonomic}
   size_t MinHeapSize                              = 8388608                                   {product} {ergonomic}
    uintx NonNMethodCodeHeapSize                   = 7602480                                {pd product} {ergonomic}
    uintx NonProfiledCodeHeapSize                  = 122027880                              {pd product} {ergonomic}
    uintx ProfiledCodeHeapSize                     = 122027880                              {pd product} {ergonomic}
    uintx ReservedCodeCacheSize                    = 251658240                              {pd product} {ergonomic}
     bool SegmentedCodeCache                       = true                                      {product} {ergonomic}
     bool ShowCodeDetailsInExceptionMessages       = true                                   {manageable} {command line}
   size_t SoftMaxHeapSize                          = 8510242816                             {manageable} {ergonomic}
     bool UseCompressedClassPointers               = true                           {product lp64_product} {ergonomic}
     bool UseCompressedOops                        = true                           {product lp64_product} {ergonomic}
     bool UseG1GC                                  = true                                      {product} {ergonomic}
     bool UseLargePagesIndividualAllocation        = false                                  {pd product} {ergonomic}

Logging:
Log output configuration:
 #0: stdout all=warning uptime,level,tags
 #1: stderr all=off uptime,level,tags

Environment Variables:
PATH=C:\Program Files\Eclipse Adoptium\jdk-17.0.4.101-hotspot\bin;C:\Program Files (x86)\Common Files\Oracle\Java\javapath;C:\Windows\system32;C:\Windows;C:\Windows\System32\Wbem;C:\Windows\System32\WindowsPowerShell\v1.0\;C:\Windows\System32\OpenSSH\;C:\Program Files (x86)\NVIDIA Corporation\PhysX\Common;C:\Program Files\NVIDIA Corporation\NVIDIA NvDLISR;C:\Program Files\dotnet\;C:\Program Files\Git\cmd;C:\Users\amber\AppData\Local\Microsoft\WindowsApps;;C:\Users\amber\AppData\Local\Programs\Microsoft VS Code\bin
USERNAME=amber
LANG=en_US.UTF-8
OS=Windows_NT
PROCESSOR_IDENTIFIER=Intel64 Family 6 Model 154 Stepping 3, GenuineIntel
TMP=C:\Users\amber\AppData\Local\Temp
TEMP=C:\Users\amber\AppData\Local\Temp



---------------  S Y S T E M  ---------------

OS:
 Windows 11 , 64 bit Build 22000 (10.0.22000.1219)
OS uptime: 0 days 17:51 hours

CPU: total 20 (initial active 20) (10 cores per cpu, 2 threads per core) family 6 model 154 stepping 3 microcode 0x41c, cx8, cmov, fxsr, ht, mmx, 3dnowpref, sse, sse2, sse3, ssse3, sse4.1, sse4.2, popcnt, lzcnt, tsc, tscinvbit, avx, avx2, aes, erms, clmul, bmi1, bmi2, adx, sha, fma, vzeroupper, clflush, clflushopt, clwb

Memory: 4k page, system-wide physical 32452M (16706M free)
TotalPageFile size 41668M (AvailPageFile size 19720M)
current process WorkingSet (physical memory assigned to process): 194M, peak: 202M
current process commit charge ("private bytes"): 731M, peak: 735M

vm_info: OpenJDK 64-Bit Server VM (17.0.4.1+1) for windows-amd64 JRE (17.0.4.1+1), built on Aug 17 2022 07:42:43 by "temurin" with MS VC++ 16.7 (VS2019)

END.
